<?xml version="1.0" encoding="UTF-8"?>
<testsuite xmlns:xsi="http://www.w3.org/2001/XMLSchema-instance" xsi:noNamespaceSchemaLocation="https://maven.apache.org/surefire/maven-surefire-plugin/xsd/surefire-test-report-3.0.xsd" version="3.0" name="cucumber.Options.TestRunner" time="6.347" tests="1" errors="0" skipped="0" failures="0">
  <properties>
[...]
</properties>
  <testcase name="Verify id user able to delete place" classname="Validating Place API&apos;s" time="5.509">
    <system-out><![CDATA[/maps/api/place/add/json
io.restassured.internal.RestAssuredResponseImpl@7c455e96
5248994d0e3e488a39068d733b5d6cf1
/maps/api/place/get/json
io.restassured.internal.RestAssuredResponseImpl@2042ccce
/maps/api/place/delete/json
io.restassured.internal.RestAssuredResponseImpl@78c1372d
]]></system-out>
  </testcase>
</testsuite>